#
# A fatal error has been detected by the Java Runtime Environment:
#
#  EXCEPTION_ACCESS_VIOLATION (0xc0000005) at pc=0x00007ffebb1b668a, pid=11936, tid=9488
#
# JRE version: Java(TM) SE Runtime Environment (8.0_73-b02) (build 1.8.0_73-b02)
# Java VM: Java HotSpot(TM) 64-Bit Server VM (25.73-b02 mixed mode windows-amd64 compressed oops)
# Problematic frame:
# C  [OpenGL32.dll+0xa668a]
#
# Failed to write core dump. Minidumps are not enabled by default on client versions of Windows
#
# If you would like to submit a bug report, please visit:
#   http://bugreport.java.com/bugreport/crash.jsp
# The crash happened outside the Java Virtual Machine in native code.
# See problematic frame for where to report the bug.
#

---------------  T H R E A D  ---------------

Current thread (0x0000000019276800):  JavaThread "AWT-EventQueue-0" [_thread_in_native, id=9488, stack(0x000000001ab40000,0x000000001ac40000)]

siginfo: ExceptionCode=0xc0000005, reading address 0x0000000000000000

Registers:
RAX=0x0000000000000000, RBX=0x000000000066a4c0, RCX=0x0000000000000000, RDX=0x000000000065d288
RSP=0x000000001ac3cb50, RBP=0x000000001ac3cc50, RSI=0x0000000000666240, RDI=0x0000000000000000
R8 =0x0000000000000000, R9 =0x000000000066a4c0, R10=0x0000000000000001, R11=0x000000001ac3ce28
R12=0x0000000000666250, R13=0x0000000000666150, R14=0x000000001ac3ccb0, R15=0x0000000000000000
RIP=0x00007ffebb1b668a, EFLAGS=0x0000000000010246

Top of Stack: (sp=0x000000001ac3cb50)
0x000000001ac3cb50:   00000000ffffffff 00000000683213bb
0x000000001ac3cb60:   000000001ac3cbe0 00000000ffffffff
0x000000001ac3cb70:   0000000000000001 000000006819a0e6
0x000000001ac3cb80:   0000000115c61078 0000000800000000
0x000000001ac3cb90:   000000000066a4c0 00000000681dc1dc
0x000000001ac3cba0:   0000000100000000 0000000000000000
0x000000001ac3cbb0:   0000000000000000 00000000681d4fc0
0x000000001ac3cbc0:   0000000000000000 000000006835489d
0x000000001ac3cbd0:   000000001ac3ce60 0000000000666150
0x000000001ac3cbe0:   000000001ac3cc90 0000000068439b4b
0x000000001ac3cbf0:   000000001ac3cc50 000000001ac3cc90
0x000000001ac3cc00:   000000001ac3ce70 00000000681df533
0x000000001ac3cc10:   000000001a7ce008 0000000019276800
0x000000001ac3cc20:   00000000ffffffff 0000000068320c25
0x000000001ac3cc30:   000000001ac3cd70 000000001ac3cc90
0x000000001ac3cc40:   000000010014f600 0000000000fd72a0 

Instructions: (pc=0x00007ffebb1b668a)
0x00007ffebb1b666a:   48 85 c0 74 3d 8b 40 58 41 89 85 ec 00 00 00 eb
0x00007ffebb1b667a:   31 f6 03 04 74 0a 8b 43 58 41 89 85 ec 00 00 00
0x00007ffebb1b668a:   8b 01 a8 04 75 0f 83 c8 04 89 01 41 0f 10 06 0f
0x00007ffebb1b669a:   11 41 58 09 3b 48 8b 43 10 48 85 c0 74 04 4c 8d 


Register to memory mapping:

RAX=0x0000000000000000 is an unknown value
RBX=0x000000000066a4c0 is an unknown value
RCX=0x0000000000000000 is an unknown value
RDX=0x000000000065d288 is an unknown value
RSP=0x000000001ac3cb50 is pointing into the stack for thread: 0x0000000019276800
RBP=0x000000001ac3cc50 is pointing into the stack for thread: 0x0000000019276800
RSI=0x0000000000666240 is an unknown value
RDI=0x0000000000000000 is an unknown value
R8 =0x0000000000000000 is an unknown value
R9 =0x000000000066a4c0 is an unknown value
R10=0x0000000000000001 is an unknown value
R11=0x000000001ac3ce28 is pointing into the stack for thread: 0x0000000019276800
R12=0x0000000000666250 is an unknown value
R13=0x0000000000666150 is an unknown value
R14=0x000000001ac3ccb0 is pointing into the stack for thread: 0x0000000019276800
R15=0x0000000000000000 is an unknown value


Stack: [0x000000001ab40000,0x000000001ac40000],  sp=0x000000001ac3cb50,  free space=1010k
Native frames: (J=compiled Java code, j=interpreted, Vv=VM code, C=native code)
C  [OpenGL32.dll+0xa668a]
C  [OpenGL32.dll+0xd8842]
C  [OpenGL32.dll+0xd86b5]
C  [OpenGL32.dll+0x27004]
C  [OpenGL32.dll+0x24f18]
C  [jogl_desktop.dll+0x565ae]
C  0x0000000003415e34

Java frames: (J=compiled Java code, j=interpreted, Vv=VM code)
j  jogamp.opengl.windows.wgl.WGL.dispatch_wglMakeCurrent0(JJJ)Z+0
j  jogamp.opengl.windows.wgl.WGL.wglMakeCurrent(JJ)Z+41
j  jogamp.opengl.windows.wgl.WindowsWGLContext.wglReleaseContext()Z+27
j  jogamp.opengl.windows.wgl.WindowsWGLContext.releaseImpl()V+1
j  jogamp.opengl.GLContextImpl.release(Z)V+214
j  jogamp.opengl.GLContextImpl.destroy()V+383
j  jogamp.opengl.GLDrawableHelper.disposeGL(Lcom/jogamp/opengl/GLAutoDrawable;Lcom/jogamp/opengl/GLContext;Z)V+137
j  com.jogamp.opengl.awt.GLCanvas$8.run()V+170
j  com.jogamp.opengl.Threading.invoke(ZLjava/lang/Runnable;Ljava/lang/Object;)V+27
j  com.jogamp.opengl.awt.GLCanvas.destroyImpl(Z)V+9
j  com.jogamp.opengl.awt.GLCanvas$2.run()V+5
j  com.jogamp.nativewindow.awt.AWTWindowClosingProtocol$WindowClosingAdapter.windowClosing(Ljava/awt/event/WindowEvent;)V+22
j  java.awt.Window.processWindowEvent(Ljava/awt/event/WindowEvent;)V+68
j  javax.swing.JFrame.processWindowEvent(Ljava/awt/event/WindowEvent;)V+2
j  java.awt.Window.processEvent(Ljava/awt/AWTEvent;)V+69
j  java.awt.Component.dispatchEventImpl(Ljava/awt/AWTEvent;)V+589
j  java.awt.Container.dispatchEventImpl(Ljava/awt/AWTEvent;)V+42
j  java.awt.Window.dispatchEventImpl(Ljava/awt/AWTEvent;)V+19
j  java.awt.Component.dispatchEvent(Ljava/awt/AWTEvent;)V+2
j  java.awt.EventQueue.dispatchEventImpl(Ljava/awt/AWTEvent;Ljava/lang/Object;)V+41
j  java.awt.EventQueue.access$500(Ljava/awt/EventQueue;Ljava/awt/AWTEvent;Ljava/lang/Object;)V+3
j  java.awt.EventQueue$3.run()Ljava/lang/Void;+32
j  java.awt.EventQueue$3.run()Ljava/lang/Object;+1
v  ~StubRoutines::call_stub
j  java.security.AccessController.doPrivileged(Ljava/security/PrivilegedAction;Ljava/security/AccessControlContext;)Ljava/lang/Object;+0
j  java.security.ProtectionDomain$JavaSecurityAccessImpl.doIntersectionPrivilege(Ljava/security/PrivilegedAction;Ljava/security/AccessControlContext;Ljava/security/AccessControlContext;)Ljava/lang/Object;+18
j  java.security.ProtectionDomain$JavaSecurityAccessImpl.doIntersectionPrivilege(Ljava/security/PrivilegedAction;Ljava/security/AccessControlContext;)Ljava/lang/Object;+6
j  java.awt.EventQueue$4.run()Ljava/lang/Void;+11
j  java.awt.EventQueue$4.run()Ljava/lang/Object;+1
v  ~StubRoutines::call_stub
j  java.security.AccessController.doPrivileged(Ljava/security/PrivilegedAction;Ljava/security/AccessControlContext;)Ljava/lang/Object;+0
j  java.security.ProtectionDomain$JavaSecurityAccessImpl.doIntersectionPrivilege(Ljava/security/PrivilegedAction;Ljava/security/AccessControlContext;Ljava/security/AccessControlContext;)Ljava/lang/Object;+18
j  java.awt.EventQueue.dispatchEvent(Ljava/awt/AWTEvent;)V+73
j  java.awt.EventDispatchThread.pumpOneEventForFilters(I)V+245
j  java.awt.EventDispatchThread.pumpEventsForFilter(ILjava/awt/Conditional;Ljava/awt/EventFilter;)V+35
j  java.awt.EventDispatchThread.pumpEventsForHierarchy(ILjava/awt/Conditional;Ljava/awt/Component;)V+11
j  java.awt.EventDispatchThread.pumpEvents(ILjava/awt/Conditional;)V+4
j  java.awt.EventDispatchThread.pumpEvents(Ljava/awt/Conditional;)V+3
j  java.awt.EventDispatchThread.run()V+9
v  ~StubRoutines::call_stub

---------------  P R O C E S S  ---------------

Java Threads: ( => current thread )
  0x0000000000f40800 JavaThread "DestroyJavaVM" [_thread_blocked, id=2856, stack(0x0000000000e40000,0x0000000000f40000)]
=>0x0000000019276800 JavaThread "AWT-EventQueue-0" [_thread_in_native, id=9488, stack(0x000000001ab40000,0x000000001ac40000)]
  0x0000000019274000 JavaThread "AWT-Shutdown" [_thread_blocked, id=10336, stack(0x000000001a840000,0x000000001a940000)]
  0x000000001969d800 JavaThread "main-SharedResourceRunner" daemon [_thread_blocked, id=10648, stack(0x00000000199f0000,0x0000000019af0000)]
  0x0000000019076800 JavaThread "AWT-Windows" daemon [_thread_in_native, id=4116, stack(0x0000000019af0000,0x0000000019bf0000)]
  0x0000000019073000 JavaThread "Java2D Disposer" daemon [_thread_blocked, id=10428, stack(0x0000000019830000,0x0000000019930000)]
  0x00000000183fa000 JavaThread "Service Thread" daemon [_thread_blocked, id=856, stack(0x0000000018d30000,0x0000000018e30000)]
  0x0000000018379800 JavaThread "C1 CompilerThread3" daemon [_thread_blocked, id=5436, stack(0x0000000018c30000,0x0000000018d30000)]
  0x000000001836c000 JavaThread "C2 CompilerThread2" daemon [_thread_blocked, id=9588, stack(0x0000000018b30000,0x0000000018c30000)]
  0x000000001835c000 JavaThread "C2 CompilerThread1" daemon [_thread_blocked, id=9400, stack(0x0000000018a30000,0x0000000018b30000)]
  0x0000000018358800 JavaThread "C2 CompilerThread0" daemon [_thread_blocked, id=10056, stack(0x0000000018930000,0x0000000018a30000)]
  0x0000000018357000 JavaThread "Attach Listener" daemon [_thread_blocked, id=6412, stack(0x0000000018830000,0x0000000018930000)]
  0x0000000018356000 JavaThread "Signal Dispatcher" daemon [_thread_blocked, id=6800, stack(0x0000000018730000,0x0000000018830000)]
  0x000000000103c000 JavaThread "Finalizer" daemon [_thread_blocked, id=7908, stack(0x0000000018130000,0x0000000018230000)]
  0x0000000001035800 JavaThread "Reference Handler" daemon [_thread_blocked, id=7540, stack(0x0000000018030000,0x0000000018130000)]

Other Threads:
  0x0000000016249000 VMThread [stack: 0x0000000017f30000,0x0000000018030000] [id=4608]
  0x000000001840e800 WatcherThread [stack: 0x0000000018e30000,0x0000000018f30000] [id=2672]

VM state:not at safepoint (normal execution)

VM Mutex/Monitor currently owned by a thread: None

Heap:
 PSYoungGen      total 28672K, used 14736K [0x00000000e0700000, 0x00000000e3f00000, 0x0000000100000000)
  eden space 24576K, 51% used [0x00000000e0700000,0x00000000e1344330,0x00000000e1f00000)
  from space 4096K, 53% used [0x00000000e2300000,0x00000000e2520020,0x00000000e2700000)
  to   space 4096K, 0% used [0x00000000e1f00000,0x00000000e1f00000,0x00000000e2300000)
 ParOldGen       total 65536K, used 8K [0x00000000a1400000, 0x00000000a5400000, 0x00000000e0700000)
  object space 65536K, 0% used [0x00000000a1400000,0x00000000a1402000,0x00000000a5400000)
 Metaspace       used 14937K, capacity 15236K, committed 15488K, reserved 1062912K
  class space    used 1555K, capacity 1639K, committed 1664K, reserved 1048576K

Card table byte_map: [0x0000000001400000,0x0000000001700000] byte_map_base: 0x0000000000ef6000

Marking Bits: (ParMarkBitMap*) 0x0000000068930600
 Begin Bits: [0x0000000012600000, 0x0000000013db0000)
 End Bits:   [0x0000000013db0000, 0x0000000015560000)

Polling page: 0x00000000005b0000

CodeCache: size=245760Kb used=2979Kb max_used=2979Kb free=242781Kb
 bounds [0x0000000003400000, 0x00000000036f0000, 0x0000000012400000]
 total_blobs=1526 nmethods=755 adapters=684
 compilation: enabled

Compilation events (10 events):
Event: 3.958 Thread 0x0000000018379800  750       3       java.util.EventObject::<init> (24 bytes)
Event: 3.959 Thread 0x0000000018379800 nmethod 750 0x00000000036e82d0 code [0x00000000036e8440, 0x00000000036e8708]
Event: 3.975 Thread 0x0000000018379800  752  s    3       java.awt.Toolkit::getDefaultToolkit (24 bytes)
Event: 3.975 Thread 0x0000000018379800 nmethod 752 0x00000000036e8b90 code [0x00000000036e8d20, 0x00000000036e9178]
Event: 3.999 Thread 0x0000000018379800  753       3       java.awt.Component::getCursor_NoClientCode (30 bytes)
Event: 3.999 Thread 0x0000000018379800 nmethod 753 0x00000000036e92d0 code [0x00000000036e9460, 0x00000000036e98c8]
Event: 4.010 Thread 0x0000000018379800  754       3       sun.awt.AWTAutoShutdown::notifyToolkitThreadBusy (8 bytes)
Event: 4.010 Thread 0x0000000018379800 nmethod 754 0x00000000036e9a50 code [0x00000000036e9bc0, 0x00000000036e9d88]
Event: 4.019 Thread 0x0000000018379800  755       3       sun.awt.AWTAutoShutdown::notifyToolkitThreadFree (8 bytes)
Event: 4.019 Thread 0x0000000018379800 nmethod 755 0x00000000036e9e50 code [0x00000000036e9fc0, 0x00000000036ea188]

GC Heap History (4 events):
Event: 2.461 GC heap before
{Heap before GC invocations=1 (full 0):
 PSYoungGen      total 28672K, used 24576K [0x00000000e0700000, 0x00000000e2700000, 0x0000000100000000)
  eden space 24576K, 100% used [0x00000000e0700000,0x00000000e1f00000,0x00000000e1f00000)
  from space 4096K, 0% used [0x00000000e2300000,0x00000000e2300000,0x00000000e2700000)
  to   space 4096K, 0% used [0x00000000e1f00000,0x00000000e1f00000,0x00000000e2300000)
 ParOldGen       total 65536K, used 0K [0x00000000a1400000, 0x00000000a5400000, 0x00000000e0700000)
  object space 65536K, 0% used [0x00000000a1400000,0x00000000a1400000,0x00000000a5400000)
 Metaspace       used 12984K, capacity 13208K, committed 13440K, reserved 1060864K
  class space    used 1295K, capacity 1349K, committed 1408K, reserved 1048576K
Event: 2.472 GC heap after
Heap after GC invocations=1 (full 0):
 PSYoungGen      total 28672K, used 3841K [0x00000000e0700000, 0x00000000e2700000, 0x0000000100000000)
  eden space 24576K, 0% used [0x00000000e0700000,0x00000000e0700000,0x00000000e1f00000)
  from space 4096K, 93% used [0x00000000e1f00000,0x00000000e22c0648,0x00000000e2300000)
  to   space 4096K, 0% used [0x00000000e2300000,0x00000000e2300000,0x00000000e2700000)
 ParOldGen       total 65536K, used 8K [0x00000000a1400000, 0x00000000a5400000, 0x00000000e0700000)
  object space 65536K, 0% used [0x00000000a1400000,0x00000000a1402000,0x00000000a5400000)
 Metaspace       used 12984K, capacity 13208K, committed 13440K, reserved 1060864K
  class space    used 1295K, capacity 1349K, committed 1408K, reserved 1048576K
}
Event: 2.776 GC heap before
{Heap before GC invocations=2 (full 0):
 PSYoungGen      total 28672K, used 28417K [0x00000000e0700000, 0x00000000e2700000, 0x0000000100000000)
  eden space 24576K, 100% used [0x00000000e0700000,0x00000000e1f00000,0x00000000e1f00000)
  from space 4096K, 93% used [0x00000000e1f00000,0x00000000e22c0648,0x00000000e2300000)
  to   space 4096K, 0% used [0x00000000e2300000,0x00000000e2300000,0x00000000e2700000)
 ParOldGen       total 65536K, used 8K [0x00000000a1400000, 0x00000000a5400000, 0x00000000e0700000)
  object space 65536K, 0% used [0x00000000a1400000,0x00000000a1402000,0x00000000a5400000)
 Metaspace       used 12990K, capacity 13208K, committed 13440K, reserved 1060864K
  class space    used 1295K, capacity 1349K, committed 1408K, reserved 1048576K
Event: 2.784 GC heap after
Heap after GC invocations=2 (full 0):
 PSYoungGen      total 28672K, used 2176K [0x00000000e0700000, 0x00000000e3f00000, 0x0000000100000000)
  eden space 24576K, 0% used [0x00000000e0700000,0x00000000e0700000,0x00000000e1f00000)
  from space 4096K, 53% used [0x00000000e2300000,0x00000000e2520020,0x00000000e2700000)
  to   space 4096K, 0% used [0x00000000e1f00000,0x00000000e1f00000,0x00000000e2300000)
 ParOldGen       total 65536K, used 8K [0x00000000a1400000, 0x00000000a5400000, 0x00000000e0700000)
  object space 65536K, 0% used [0x00000000a1400000,0x00000000a1402000,0x00000000a5400000)
 Metaspace       used 12990K, capacity 13208K, committed 13440K, reserved 1060864K
  class space    used 1295K, capacity 1349K, committed 1408K, reserved 1048576K
}

Deoptimization events (2 events):
Event: 0.371 Thread 0x0000000000f40800 Uncommon trap: reason=unstable_if action=reinterpret pc=0x00000000035a9428 method=java.lang.String.indexOf([CII[CIII)I @ 3
Event: 0.602 Thread 0x0000000000f40800 Uncommon trap: reason=unstable_if action=reinterpret pc=0x00000000035c71dc method=java.lang.String.<init>([CII)V @ 18

Internal exceptions (10 events):
Event: 0.046 Thread 0x0000000000f40800 Exception <a 'java/lang/NoSuchMethodError': Method sun.misc.Unsafe.prefetchRead(Ljava/lang/Object;J)V name or signature does not match> (0x00000000e070d290) thrown at [D:\re\puppet\workspace\8-2-build-windows-amd64-cygwin\jdk8u73\6086\hotspot\src\share\vm\Î+;5Â?
Event: 0.142 Thread 0x0000000000f40800 Exception <a 'java/security/PrivilegedActionException'> (0x00000000e08d4ae0) thrown at [D:\re\puppet\workspace\8-2-build-windows-amd64-cygwin\jdk8u73\6086\hotspot\src\share\vm\prims\jvm.cpp, line 1386]
Event: 0.142 Thread 0x0000000000f40800 Exception <a 'java/security/PrivilegedActionException'> (0x00000000e08d4cf0) thrown at [D:\re\puppet\workspace\8-2-build-windows-amd64-cygwin\jdk8u73\6086\hotspot\src\share\vm\prims\jvm.cpp, line 1386]
Event: 0.143 Thread 0x0000000000f40800 Exception <a 'java/security/PrivilegedActionException'> (0x00000000e08d8898) thrown at [D:\re\puppet\workspace\8-2-build-windows-amd64-cygwin\jdk8u73\6086\hotspot\src\share\vm\prims\jvm.cpp, line 1386]
Event: 0.143 Thread 0x0000000000f40800 Exception <a 'java/security/PrivilegedActionException'> (0x00000000e08d8aa8) thrown at [D:\re\puppet\workspace\8-2-build-windows-amd64-cygwin\jdk8u73\6086\hotspot\src\share\vm\prims\jvm.cpp, line 1386]
Event: 0.150 Thread 0x0000000000f40800 Exception <a 'java/io/FileNotFoundException'> (0x00000000e08de378) thrown at [D:\re\puppet\workspace\8-2-build-windows-amd64-cygwin\jdk8u73\6086\hotspot\src\share\vm\prims\jni.cpp, line 709]
Event: 0.198 Thread 0x0000000000f40800 Exception <a 'java/lang/NoSuchFieldError': method resolution failed> (0x00000000e09abe98) thrown at [D:\re\puppet\workspace\8-2-build-windows-amd64-cygwin\jdk8u73\6086\hotspot\src\share\vm\prims\methodHandles.cpp, line 1146]
Event: 0.200 Thread 0x0000000000f40800 Exception <a 'java/lang/NoSuchFieldError': method resolution failed> (0x00000000e09b9268) thrown at [D:\re\puppet\workspace\8-2-build-windows-amd64-cygwin\jdk8u73\6086\hotspot\src\share\vm\prims\methodHandles.cpp, line 1146]
Event: 0.249 Thread 0x0000000000f40800 Exception <a 'java/io/FileNotFoundException'> (0x00000000e0a4e9a0) thrown at [D:\re\puppet\workspace\8-2-build-windows-amd64-cygwin\jdk8u73\6086\hotspot\src\share\vm\prims\jni.cpp, line 709]
Event: 2.947 Thread 0x0000000000f40800 Exception <a 'java/lang/reflect/InvocationTargetException'> (0x00000000e106ced8) thrown at [D:\re\puppet\workspace\8-2-build-windows-amd64-cygwin\jdk8u73\6086\hotspot\src\share\vm\runtime\reflection.cpp, line 1092]

Events (10 events):
Event: 3.012 loading class com/jogamp/opengl/Threading$Mode
Event: 3.012 loading class com/jogamp/opengl/Threading$Mode done
Event: 3.013 loading class jogamp/opengl/awt/AWTThreadingPlugin
Event: 3.013 loading class jogamp/opengl/awt/AWTThreadingPlugin done
Event: 3.013 loading class jogamp/opengl/ToolkitThreadingPlugin
Event: 3.013 loading class jogamp/opengl/ToolkitThreadingPlugin done
Event: 3.013 loading class jogamp/opengl/awt/AWTThreadingPlugin$1
Event: 3.013 loading class jogamp/opengl/awt/AWTThreadingPlugin$1 done
Event: 4.135 Executing VM operation: EnableBiasedLocking
Event: 4.135 Executing VM operation: EnableBiasedLocking done


Dynamic libraries:
0x00007ff681f50000 - 0x00007ff681f87000 	C:\Program Files\Java\jre1.8.0_73\bin\javaw.exe
0x00007ffecc3a0000 - 0x00007ffecc562000 	C:\WINDOWS\SYSTEM32\ntdll.dll
0x00007ffecb7c0000 - 0x00007ffecb86d000 	C:\WINDOWS\system32\KERNEL32.DLL
0x00007ffec9150000 - 0x00007ffec932d000 	C:\WINDOWS\system32\KERNELBASE.dll
0x00007ffecbc00000 - 0x00007ffecbca6000 	C:\WINDOWS\system32\ADVAPI32.dll
0x00007ffecb720000 - 0x00007ffecb7bd000 	C:\WINDOWS\system32\msvcrt.dll
0x00007ffecbcb0000 - 0x00007ffecbd0b000 	C:\WINDOWS\system32\sechost.dll
0x00007ffecbf90000 - 0x00007ffecc0b6000 	C:\WINDOWS\system32\RPCRT4.dll
0x00007ffecbab0000 - 0x00007ffecbbfe000 	C:\WINDOWS\system32\USER32.dll
0x00007ffecbd30000 - 0x00007ffecbeb6000 	C:\WINDOWS\system32\GDI32.dll
0x00007ffebcb20000 - 0x00007ffebcd94000 	C:\WINDOWS\WinSxS\amd64_microsoft.windows.common-controls_6595b64144ccf1df_6.0.10240.16384_none_f41f7b285750ef43\COMCTL32.dll
0x00007ffecba70000 - 0x00007ffecbaa6000 	C:\WINDOWS\system32\IMM32.DLL
0x00007ffecb5c0000 - 0x00007ffecb71c000 	C:\WINDOWS\system32\MSCTF.dll
0x0000000067fd0000 - 0x00000000680a2000 	C:\Program Files\Java\jre1.8.0_73\bin\msvcr100.dll
0x0000000068120000 - 0x00000000689b0000 	C:\Program Files\Java\jre1.8.0_73\bin\server\jvm.dll
0x00007ffecba60000 - 0x00007ffecba68000 	C:\WINDOWS\system32\PSAPI.DLL
0x00007ffec4750000 - 0x00007ffec4759000 	C:\WINDOWS\SYSTEM32\WSOCK32.dll
0x00007ffec6990000 - 0x00007ffec69b3000 	C:\WINDOWS\SYSTEM32\WINMM.dll
0x00007ffec0000000 - 0x00007ffec000a000 	C:\WINDOWS\SYSTEM32\VERSION.dll
0x00007ffecbf20000 - 0x00007ffecbf89000 	C:\WINDOWS\system32\WS2_32.dll
0x00007ffec6960000 - 0x00007ffec698c000 	C:\WINDOWS\SYSTEM32\WINMMBASE.dll
0x00007ffec9a70000 - 0x00007ffec9a78000 	C:\WINDOWS\system32\NSI.dll
0x00007ffec9040000 - 0x00007ffec9084000 	C:\WINDOWS\system32\cfgmgr32.dll
0x00007ffec76a0000 - 0x00007ffec76c7000 	C:\WINDOWS\SYSTEM32\DEVOBJ.dll
0x0000000068e60000 - 0x0000000068e6f000 	C:\Program Files\Java\jre1.8.0_73\bin\verify.dll
0x0000000068e30000 - 0x0000000068e59000 	C:\Program Files\Java\jre1.8.0_73\bin\java.dll
0x0000000068e10000 - 0x0000000068e26000 	C:\Program Files\Java\jre1.8.0_73\bin\zip.dll
0x00007ffec9d60000 - 0x00007ffecb282000 	C:\WINDOWS\system32\SHELL32.dll
0x00007ffec9440000 - 0x00007ffec9a68000 	C:\WINDOWS\system32\windows.storage.dll
0x00007ffecc120000 - 0x00007ffecc39c000 	C:\WINDOWS\system32\combase.dll
0x00007ffecc0c0000 - 0x00007ffecc111000 	C:\WINDOWS\system32\shlwapi.dll
0x00007ffec8e60000 - 0x00007ffec8e6f000 	C:\WINDOWS\system32\kernel.appcore.dll
0x00007ffec9090000 - 0x00007ffec9143000 	C:\WINDOWS\system32\shcore.dll
0x00007ffec8df0000 - 0x00007ffec8e3a000 	C:\WINDOWS\system32\powrprof.dll
0x00007ffec8e40000 - 0x00007ffec8e53000 	C:\WINDOWS\system32\profapi.dll
0x0000000067e30000 - 0x0000000067fc8000 	C:\Program Files\Java\jre1.8.0_73\bin\awt.dll
0x00007ffec9c30000 - 0x00007ffec9cee000 	C:\WINDOWS\system32\OLEAUT32.dll
0x00007ffec7510000 - 0x00007ffec7588000 	C:\WINDOWS\system32\apphelp.dll
0x00007ffec6680000 - 0x00007ffec66a2000 	C:\WINDOWS\system32\DWMAPI.DLL
0x00007ffec77c0000 - 0x00007ffec7856000 	C:\WINDOWS\system32\uxtheme.dll
0x00007ffecb290000 - 0x00007ffecb3d1000 	C:\WINDOWS\system32\ole32.dll
0x00007ffec8bf0000 - 0x00007ffec8c5b000 	C:\WINDOWS\SYSTEM32\bcryptPrimitives.dll
0x00007ffec8640000 - 0x00007ffec8657000 	C:\WINDOWS\SYSTEM32\CRYPTSP.dll
0x00007ffec8d00000 - 0x00007ffec8d28000 	C:\WINDOWS\SYSTEM32\bcrypt.dll
0x00007ffec8290000 - 0x00007ffec82c3000 	C:\WINDOWS\system32\rsaenh.dll
0x00007ffec8380000 - 0x00007ffec839f000 	C:\WINDOWS\SYSTEM32\USERENV.dll
0x00007ffec8790000 - 0x00007ffec879b000 	C:\WINDOWS\SYSTEM32\CRYPTBASE.dll
0x0000000068df0000 - 0x0000000068e0a000 	C:\Program Files\Java\jre1.8.0_73\bin\net.dll
0x00007ffec85e0000 - 0x00007ffec863d000 	C:\WINDOWS\system32\mswsock.dll
0x00007ffec7160000 - 0x00007ffec7198000 	C:\WINDOWS\SYSTEM32\IPHLPAPI.DLL
0x00007ffec7150000 - 0x00007ffec715b000 	C:\WINDOWS\SYSTEM32\WINNSI.DLL
0x00007ffec40a0000 - 0x00007ffec40b6000 	C:\WINDOWS\SYSTEM32\dhcpcsvc6.DLL
0x00007ffec4080000 - 0x00007ffec409a000 	C:\WINDOWS\SYSTEM32\dhcpcsvc.DLL
0x0000000068dd0000 - 0x0000000068de1000 	C:\Program Files\Java\jre1.8.0_73\bin\nio.dll
0x00000000637c0000 - 0x00000000637cd000 	C:\Users\Uelisson\AppData\Local\Temp\jogamp_0000\file_cache\jln1836180144286581707\jln4352580379980093455\natives\windows-amd64\gluegen-rt.dll
0x0000000068d90000 - 0x0000000068d97000 	C:\Program Files\Java\jre1.8.0_73\bin\jawt.dll
0x000000006a440000 - 0x000000006a44d000 	C:\Users\Uelisson\AppData\Local\Temp\jogamp_0000\file_cache\jln1836180144286581707\jln4352580379980093455\natives\windows-amd64\nativewindow_awt.dll
0x000000006c100000 - 0x000000006c10f000 	C:\Users\Uelisson\AppData\Local\Temp\jogamp_0000\file_cache\jln1836180144286581707\jln4352580379980093455\natives\windows-amd64\nativewindow_win32.dll
0x00007ffebb110000 - 0x00007ffebb238000 	C:\WINDOWS\SYSTEM32\OpenGL32.dll
0x00007ffebad30000 - 0x00007ffebae26000 	C:\WINDOWS\SYSTEM32\DDRAW.dll
0x00007ffebbfd0000 - 0x00007ffebbffe000 	C:\WINDOWS\SYSTEM32\GLU32.dll
0x00007ffec4800000 - 0x00007ffec4808000 	C:\WINDOWS\SYSTEM32\DCIMAN32.dll
0x0000000064500000 - 0x00000000645b1000 	C:\Users\Uelisson\AppData\Local\Temp\jogamp_0000\file_cache\jln1836180144286581707\jln4352580379980093455\natives\windows-amd64\jogl_desktop.dll
0x0000000064340000 - 0x00000000643a2000 	C:\Users\Uelisson\AppData\Local\Temp\jogamp_0000\file_cache\jln1836180144286581707\jln4352580379980093455\natives\windows-amd64\jogl_mobile.dll
0x0000000068d40000 - 0x0000000068d87000 	C:\Program Files\Java\jre1.8.0_73\bin\fontmanager.dll
0x00007ffeb86a0000 - 0x00007ffeb882a000 	C:\WINDOWS\SYSTEM32\dbghelp.dll

VM Arguments:
jvm_args: -Dfile.encoding=Cp1252 
java_command: opengl101.Main
java_class_path (initial): C:\Users\Uelisson\jogl_work\OpenGL\bin;C:\Users\Uelisson\jogl_work\jogamp-all-platforms\jar\gluegen-rt.jar;C:\Users\Uelisson\jogl_work\jogamp-all-platforms\jar\jogl-all.jar
Launcher Type: SUN_STANDARD

Environment Variables:
JAVA_HOME=C:\Program Files\Java\jdk1.8.0_51
PATH=C:/Program Files/Java/jre1.8.0_73/bin/server;C:/Program Files/Java/jre1.8.0_73/bin;C:/Program Files/Java/jre1.8.0_73/lib/amd64;C:\ProgramData\Oracle\Java\javapath;C:\WINDOWS\system32;C:\WINDOWS;C:\WINDOWS\System32\Wbem;C:\WINDOWS\System32\WindowsPowerShell\v1.0\;C:\Program Files (x86)\Skype\Phone\;%JAVA_HOME\bin%;C:\Users\Uelisson\Desktop;
USERNAME=Uelisson
OS=Windows_NT
PROCESSOR_IDENTIFIER=Intel64 Family 6 Model 42 Stepping 7, GenuineIntel



---------------  S Y S T E M  ---------------

OS: Windows 10.0 , 64 bit Build 10240 (10.0.10240.16384)

CPU:total 8 (4 cores per cpu, 2 threads per core) family 6 model 42 stepping 7, cmov, cx8, fxsr, mmx, sse, sse2, sse3, ssse3, sse4.1, sse4.2, popcnt, avx, aes, clmul, ht, tsc, tscinvbit

Memory: 4k page, physical 6203392k(2519368k free), swap 7186432k(2292872k free)

vm_info: Java HotSpot(TM) 64-Bit Server VM (25.73-b02) for windows-amd64 JRE (1.8.0_73-b02), built on Jan 29 2016 17:38:49 by "java_re" with MS VC++ 10.0 (VS2010)

time: Fri Apr 08 00:40:35 2016
elapsed time: 4 seconds (0d 0h 0m 4s)

