#
# A fatal error has been detected by the Java Runtime Environment:
#
#  EXCEPTION_ACCESS_VIOLATION (0xc0000005) at pc=0x00007ffebb1b668a, pid=11100, tid=7016
#
# JRE version: Java(TM) SE Runtime Environment (8.0_73-b02) (build 1.8.0_73-b02)
# Java VM: Java HotSpot(TM) 64-Bit Server VM (25.73-b02 mixed mode windows-amd64 compressed oops)
# Problematic frame:
# C  [OpenGL32.dll+0xa668a]
#
# Failed to write core dump. Minidumps are not enabled by default on client versions of Windows
#
# If you would like to submit a bug report, please visit:
#   http://bugreport.java.com/bugreport/crash.jsp
# The crash happened outside the Java Virtual Machine in native code.
# See problematic frame for where to report the bug.
#

---------------  T H R E A D  ---------------

Current thread (0x0000000019802000):  JavaThread "AWT-EventQueue-0" [_thread_in_native, id=7016, stack(0x000000001a860000,0x000000001a960000)]

siginfo: ExceptionCode=0xc0000005, reading address 0x0000000000000000

Registers:
RAX=0x0000000000000000, RBX=0x00000000009ddf80, RCX=0x0000000000000000, RDX=0x00000000009d3038
RSP=0x000000001a95c520, RBP=0x000000001a95c620, RSI=0x00000000009d9d00, RDI=0x0000000000000000
R8 =0x0000000000000000, R9 =0x00000000009ddf80, R10=0x0000000000000001, R11=0x000000001a95c7f8
R12=0x00000000009d9d10, R13=0x00000000009d9c10, R14=0x000000001a95c680, R15=0x0000000000000000
RIP=0x00007ffebb1b668a, EFLAGS=0x0000000000010246

Top of Stack: (sp=0x000000001a95c520)
0x000000001a95c520:   00000000ffffffff 00000000683213bb
0x000000001a95c530:   000000001a95c5b0 00000000ffffffff
0x000000001a95c540:   0000000000000001 000000006819a0e6
0x000000001a95c550:   0000000115f610d0 0000000800000000
0x000000001a95c560:   00000000009ddf80 00000000681dc1dc
0x000000001a95c570:   0000000100000000 0000000000000000
0x000000001a95c580:   0000000000000000 00000000681d4fc0
0x000000001a95c590:   0000000000000000 000000006835489d
0x000000001a95c5a0:   000000001a95c830 00000000009d9c10
0x000000001a95c5b0:   000000001a95c660 0000000068439b4b
0x000000001a95c5c0:   000000001a95c620 000000001a95c660
0x000000001a95c5d0:   000000001a95c840 00000000681df533
0x000000001a95c5e0:   000000001aaee060 0000000019802000
0x000000001a95c5f0:   00000000ffffffff 0000000068320c25
0x000000001a95c600:   000000001a95c740 000000001a95c660
0x000000001a95c610:   000000010014f600 00000000013aa120 

Instructions: (pc=0x00007ffebb1b668a)
0x00007ffebb1b666a:   48 85 c0 74 3d 8b 40 58 41 89 85 ec 00 00 00 eb
0x00007ffebb1b667a:   31 f6 03 04 74 0a 8b 43 58 41 89 85 ec 00 00 00
0x00007ffebb1b668a:   8b 01 a8 04 75 0f 83 c8 04 89 01 41 0f 10 06 0f
0x00007ffebb1b669a:   11 41 58 09 3b 48 8b 43 10 48 85 c0 74 04 4c 8d 


Register to memory mapping:

RAX=0x0000000000000000 is an unknown value
RBX=0x00000000009ddf80 is an unknown value
RCX=0x0000000000000000 is an unknown value
RDX=0x00000000009d3038 is an unknown value
RSP=0x000000001a95c520 is pointing into the stack for thread: 0x0000000019802000
RBP=0x000000001a95c620 is pointing into the stack for thread: 0x0000000019802000
RSI=0x00000000009d9d00 is an unknown value
RDI=0x0000000000000000 is an unknown value
R8 =0x0000000000000000 is an unknown value
R9 =0x00000000009ddf80 is an unknown value
R10=0x0000000000000001 is an unknown value
R11=0x000000001a95c7f8 is pointing into the stack for thread: 0x0000000019802000
R12=0x00000000009d9d10 is an unknown value
R13=0x00000000009d9c10 is an unknown value
R14=0x000000001a95c680 is pointing into the stack for thread: 0x0000000019802000
R15=0x0000000000000000 is an unknown value


Stack: [0x000000001a860000,0x000000001a960000],  sp=0x000000001a95c520,  free space=1009k
Native frames: (J=compiled Java code, j=interpreted, Vv=VM code, C=native code)
C  [OpenGL32.dll+0xa668a]
C  [OpenGL32.dll+0xd8842]
C  [OpenGL32.dll+0xd86b5]
C  [OpenGL32.dll+0x27004]
C  [OpenGL32.dll+0x24f18]
C  [jogl_desktop.dll+0x565ae]
C  0x0000000003415e34

Java frames: (J=compiled Java code, j=interpreted, Vv=VM code)
j  jogamp.opengl.windows.wgl.WGL.dispatch_wglMakeCurrent0(JJJ)Z+0
j  jogamp.opengl.windows.wgl.WGL.wglMakeCurrent(JJ)Z+41
j  jogamp.opengl.windows.wgl.WindowsWGLContext.wglReleaseContext()Z+27
j  jogamp.opengl.windows.wgl.WindowsWGLContext.releaseImpl()V+1
j  jogamp.opengl.GLContextImpl.release(Z)V+214
j  jogamp.opengl.GLContextImpl.destroy()V+383
j  jogamp.opengl.GLDrawableHelper.disposeGL(Lcom/jogamp/opengl/GLAutoDrawable;Lcom/jogamp/opengl/GLContext;Z)V+137
j  com.jogamp.opengl.awt.GLCanvas$8.run()V+170
j  com.jogamp.opengl.Threading.invoke(ZLjava/lang/Runnable;Ljava/lang/Object;)V+27
j  com.jogamp.opengl.awt.GLCanvas.destroyImpl(Z)V+9
j  com.jogamp.opengl.awt.GLCanvas$2.run()V+5
j  com.jogamp.nativewindow.awt.AWTWindowClosingProtocol$WindowClosingAdapter.windowClosing(Ljava/awt/event/WindowEvent;)V+22
j  java.awt.Window.processWindowEvent(Ljava/awt/event/WindowEvent;)V+68
j  javax.swing.JFrame.processWindowEvent(Ljava/awt/event/WindowEvent;)V+2
j  java.awt.Window.processEvent(Ljava/awt/AWTEvent;)V+69
j  java.awt.Component.dispatchEventImpl(Ljava/awt/AWTEvent;)V+589
j  java.awt.Container.dispatchEventImpl(Ljava/awt/AWTEvent;)V+42
j  java.awt.Window.dispatchEventImpl(Ljava/awt/AWTEvent;)V+19
j  java.awt.Component.dispatchEvent(Ljava/awt/AWTEvent;)V+2
j  java.awt.EventQueue.dispatchEventImpl(Ljava/awt/AWTEvent;Ljava/lang/Object;)V+41
j  java.awt.EventQueue.access$500(Ljava/awt/EventQueue;Ljava/awt/AWTEvent;Ljava/lang/Object;)V+3
j  java.awt.EventQueue$3.run()Ljava/lang/Void;+32
j  java.awt.EventQueue$3.run()Ljava/lang/Object;+1
v  ~StubRoutines::call_stub
j  java.security.AccessController.doPrivileged(Ljava/security/PrivilegedAction;Ljava/security/AccessControlContext;)Ljava/lang/Object;+0
j  java.security.ProtectionDomain$JavaSecurityAccessImpl.doIntersectionPrivilege(Ljava/security/PrivilegedAction;Ljava/security/AccessControlContext;Ljava/security/AccessControlContext;)Ljava/lang/Object;+18
j  java.security.ProtectionDomain$JavaSecurityAccessImpl.doIntersectionPrivilege(Ljava/security/PrivilegedAction;Ljava/security/AccessControlContext;)Ljava/lang/Object;+6
j  java.awt.EventQueue$4.run()Ljava/lang/Void;+11
j  java.awt.EventQueue$4.run()Ljava/lang/Object;+1
v  ~StubRoutines::call_stub
j  java.security.AccessController.doPrivileged(Ljava/security/PrivilegedAction;Ljava/security/AccessControlContext;)Ljava/lang/Object;+0
j  java.security.ProtectionDomain$JavaSecurityAccessImpl.doIntersectionPrivilege(Ljava/security/PrivilegedAction;Ljava/security/AccessControlContext;Ljava/security/AccessControlContext;)Ljava/lang/Object;+18
j  java.awt.EventQueue.dispatchEvent(Ljava/awt/AWTEvent;)V+73
j  java.awt.EventDispatchThread.pumpOneEventForFilters(I)V+245
j  java.awt.EventDispatchThread.pumpEventsForFilter(ILjava/awt/Conditional;Ljava/awt/EventFilter;)V+35
j  java.awt.EventDispatchThread.pumpEventsForHierarchy(ILjava/awt/Conditional;Ljava/awt/Component;)V+11
j  java.awt.EventDispatchThread.pumpEvents(ILjava/awt/Conditional;)V+4
j  java.awt.EventDispatchThread.pumpEvents(Ljava/awt/Conditional;)V+3
j  java.awt.EventDispatchThread.run()V+9
v  ~StubRoutines::call_stub

---------------  P R O C E S S  ---------------

Java Threads: ( => current thread )
  0x0000000001310800 JavaThread "DestroyJavaVM" [_thread_blocked, id=8864, stack(0x0000000001210000,0x0000000001310000)]
=>0x0000000019802000 JavaThread "AWT-EventQueue-0" [_thread_in_native, id=7016, stack(0x000000001a860000,0x000000001a960000)]
  0x000000001953f000 JavaThread "AWT-Shutdown" [_thread_blocked, id=11292, stack(0x0000000019c50000,0x0000000019d50000)]
  0x00000000196dc000 JavaThread "main-SharedResourceRunner" daemon [_thread_blocked, id=8080, stack(0x000000001ab60000,0x000000001ac60000)]
  0x000000001938c800 JavaThread "AWT-Windows" daemon [_thread_in_native, id=9484, stack(0x0000000019d50000,0x0000000019e50000)]
  0x00000000193d8800 JavaThread "Java2D Disposer" daemon [_thread_blocked, id=2552, stack(0x0000000019b50000,0x0000000019c50000)]
  0x0000000018717800 JavaThread "Service Thread" daemon [_thread_blocked, id=5028, stack(0x0000000019050000,0x0000000019150000)]
  0x000000001868f800 JavaThread "C1 CompilerThread3" daemon [_thread_blocked, id=12068, stack(0x0000000018f50000,0x0000000019050000)]
  0x0000000018688800 JavaThread "C2 CompilerThread2" daemon [_thread_blocked, id=1688, stack(0x0000000018e50000,0x0000000018f50000)]
  0x000000001867a000 JavaThread "C2 CompilerThread1" daemon [_thread_blocked, id=10328, stack(0x0000000018d50000,0x0000000018e50000)]
  0x0000000018677000 JavaThread "C2 CompilerThread0" daemon [_thread_blocked, id=11380, stack(0x0000000018c50000,0x0000000018d50000)]
  0x0000000018676000 JavaThread "Attach Listener" daemon [_thread_blocked, id=10364, stack(0x0000000018b50000,0x0000000018c50000)]
  0x0000000018675000 JavaThread "Signal Dispatcher" daemon [_thread_blocked, id=7156, stack(0x0000000018a50000,0x0000000018b50000)]
  0x000000000140b800 JavaThread "Finalizer" daemon [_thread_blocked, id=6488, stack(0x0000000018450000,0x0000000018550000)]
  0x0000000001405000 JavaThread "Reference Handler" daemon [_thread_blocked, id=11964, stack(0x0000000018350000,0x0000000018450000)]

Other Threads:
  0x0000000016548800 VMThread [stack: 0x0000000018250000,0x0000000018350000] [id=10184]
  0x000000001872a000 WatcherThread [stack: 0x0000000019150000,0x0000000019250000] [id=8956]

VM state:not at safepoint (normal execution)

VM Mutex/Monitor currently owned by a thread: None

Heap:
 PSYoungGen      total 28672K, used 15490K [0x00000000e0700000, 0x00000000e3f00000, 0x0000000100000000)
  eden space 24576K, 54% used [0x00000000e0700000,0x00000000e13fc878,0x00000000e1f00000)
  from space 4096K, 53% used [0x00000000e2300000,0x00000000e2524010,0x00000000e2700000)
  to   space 4096K, 0% used [0x00000000e1f00000,0x00000000e1f00000,0x00000000e2300000)
 ParOldGen       total 65536K, used 0K [0x00000000a1400000, 0x00000000a5400000, 0x00000000e0700000)
  object space 65536K, 0% used [0x00000000a1400000,0x00000000a1400000,0x00000000a5400000)
 Metaspace       used 14945K, capacity 15224K, committed 15488K, reserved 1062912K
  class space    used 1555K, capacity 1639K, committed 1664K, reserved 1048576K

Card table byte_map: [0x00000000017d0000,0x0000000001ad0000] byte_map_base: 0x00000000012c6000

Marking Bits: (ParMarkBitMap*) 0x0000000068930600
 Begin Bits: [0x0000000012900000, 0x00000000140b0000)
 End Bits:   [0x00000000140b0000, 0x0000000015860000)

Polling page: 0x0000000000bf0000

CodeCache: size=245760Kb used=3012Kb max_used=3012Kb free=242747Kb
 bounds [0x0000000003400000, 0x0000000003700000, 0x0000000012400000]
 total_blobs=1539 nmethods=768 adapters=684
 compilation: enabled

Compilation events (10 events):
Event: 7.913 Thread 0x000000001868f800  762  s    1       java.awt.EventDispatchThread::getEventQueue (5 bytes)
Event: 7.914 Thread 0x000000001868f800 nmethod 762 0x00000000036f07d0 code [0x00000000036f0920, 0x00000000036f0b90]
Event: 7.914 Thread 0x000000001868f800  763       1       java.awt.EventDispatchThread$1::evaluate (2 bytes)
Event: 7.914 Thread 0x000000001868f800 nmethod 763 0x00000000036f0c10 code [0x00000000036f0d60, 0x00000000036f0e70]
Event: 7.925 Thread 0x000000001868f800  765       3       sun.awt.EventQueueItem::<init> (10 bytes)
Event: 7.925 Thread 0x000000001868f800 nmethod 765 0x00000000036f1250 code [0x00000000036f13a0, 0x00000000036f1570]
Event: 8.937 Thread 0x000000001868f800  766       3       java.util.concurrent.locks.AbstractQueuedSynchronizer$ConditionObject::signalAll (33 bytes)
Event: 8.937 Thread 0x000000001868f800 nmethod 766 0x00000000036f1610 code [0x00000000036f17a0, 0x00000000036f1b08]
Event: 8.937 Thread 0x000000001868f800  767       3       java.util.concurrent.locks.ReentrantLock$Sync::isHeldExclusively (16 bytes)
Event: 8.938 Thread 0x000000001868f800 nmethod 767 0x00000000036f1c50 code [0x00000000036f1dc0, 0x00000000036f2030]

GC Heap History (4 events):
Event: 2.460 GC heap before
{Heap before GC invocations=1 (full 0):
 PSYoungGen      total 28672K, used 24576K [0x00000000e0700000, 0x00000000e2700000, 0x0000000100000000)
  eden space 24576K, 100% used [0x00000000e0700000,0x00000000e1f00000,0x00000000e1f00000)
  from space 4096K, 0% used [0x00000000e2300000,0x00000000e2300000,0x00000000e2700000)
  to   space 4096K, 0% used [0x00000000e1f00000,0x00000000e1f00000,0x00000000e2300000)
 ParOldGen       total 65536K, used 0K [0x00000000a1400000, 0x00000000a5400000, 0x00000000e0700000)
  object space 65536K, 0% used [0x00000000a1400000,0x00000000a1400000,0x00000000a5400000)
 Metaspace       used 12987K, capacity 13196K, committed 13440K, reserved 1060864K
  class space    used 1294K, capacity 1349K, committed 1408K, reserved 1048576K
Event: 2.471 GC heap after
Heap after GC invocations=1 (full 0):
 PSYoungGen      total 28672K, used 3837K [0x00000000e0700000, 0x00000000e2700000, 0x0000000100000000)
  eden space 24576K, 0% used [0x00000000e0700000,0x00000000e0700000,0x00000000e1f00000)
  from space 4096K, 93% used [0x00000000e1f00000,0x00000000e22bf510,0x00000000e2300000)
  to   space 4096K, 0% used [0x00000000e2300000,0x00000000e2300000,0x00000000e2700000)
 ParOldGen       total 65536K, used 0K [0x00000000a1400000, 0x00000000a5400000, 0x00000000e0700000)
  object space 65536K, 0% used [0x00000000a1400000,0x00000000a1400000,0x00000000a5400000)
 Metaspace       used 12987K, capacity 13196K, committed 13440K, reserved 1060864K
  class space    used 1294K, capacity 1349K, committed 1408K, reserved 1048576K
}
Event: 2.788 GC heap before
{Heap before GC invocations=2 (full 0):
 PSYoungGen      total 28672K, used 28413K [0x00000000e0700000, 0x00000000e2700000, 0x0000000100000000)
  eden space 24576K, 100% used [0x00000000e0700000,0x00000000e1f00000,0x00000000e1f00000)
  from space 4096K, 93% used [0x00000000e1f00000,0x00000000e22bf510,0x00000000e2300000)
  to   space 4096K, 0% used [0x00000000e2300000,0x00000000e2300000,0x00000000e2700000)
 ParOldGen       total 65536K, used 0K [0x00000000a1400000, 0x00000000a5400000, 0x00000000e0700000)
  object space 65536K, 0% used [0x00000000a1400000,0x00000000a1400000,0x00000000a5400000)
 Metaspace       used 12994K, capacity 13196K, committed 13440K, reserved 1060864K
  class space    used 1294K, capacity 1349K, committed 1408K, reserved 1048576K
Event: 2.796 GC heap after
Heap after GC invocations=2 (full 0):
 PSYoungGen      total 28672K, used 2192K [0x00000000e0700000, 0x00000000e3f00000, 0x0000000100000000)
  eden space 24576K, 0% used [0x00000000e0700000,0x00000000e0700000,0x00000000e1f00000)
  from space 4096K, 53% used [0x00000000e2300000,0x00000000e2524010,0x00000000e2700000)
  to   space 4096K, 0% used [0x00000000e1f00000,0x00000000e1f00000,0x00000000e2300000)
 ParOldGen       total 65536K, used 0K [0x00000000a1400000, 0x00000000a5400000, 0x00000000e0700000)
  object space 65536K, 0% used [0x00000000a1400000,0x00000000a1400000,0x00000000a5400000)
 Metaspace       used 12994K, capacity 13196K, committed 13440K, reserved 1060864K
  class space    used 1294K, capacity 1349K, committed 1408K, reserved 1048576K
}

Deoptimization events (2 events):
Event: 0.394 Thread 0x0000000001310800 Uncommon trap: reason=unstable_if action=reinterpret pc=0x00000000035a97a8 method=java.lang.String.indexOf([CII[CIII)I @ 3
Event: 1.694 Thread 0x0000000001310800 Uncommon trap: reason=unstable_if action=reinterpret pc=0x00000000035cb79c method=java.lang.String.<init>([CII)V @ 18

Internal exceptions (10 events):
Event: 0.043 Thread 0x0000000001310800 Exception <a 'java/lang/NoSuchMethodError': Method sun.misc.Unsafe.prefetchRead(Ljava/lang/Object;J)V name or signature does not match> (0x00000000e070d5c0) thrown at [D:\re\puppet\workspace\8-2-build-windows-amd64-cygwin\jdk8u73\6086\hotspot\src\share\vm\`ÇRñ®ìÃ?
Event: 0.156 Thread 0x0000000001310800 Exception <a 'java/security/PrivilegedActionException'> (0x00000000e08d4df8) thrown at [D:\re\puppet\workspace\8-2-build-windows-amd64-cygwin\jdk8u73\6086\hotspot\src\share\vm\prims\jvm.cpp, line 1386]
Event: 0.156 Thread 0x0000000001310800 Exception <a 'java/security/PrivilegedActionException'> (0x00000000e08d5008) thrown at [D:\re\puppet\workspace\8-2-build-windows-amd64-cygwin\jdk8u73\6086\hotspot\src\share\vm\prims\jvm.cpp, line 1386]
Event: 0.157 Thread 0x0000000001310800 Exception <a 'java/security/PrivilegedActionException'> (0x00000000e08d8bb0) thrown at [D:\re\puppet\workspace\8-2-build-windows-amd64-cygwin\jdk8u73\6086\hotspot\src\share\vm\prims\jvm.cpp, line 1386]
Event: 0.157 Thread 0x0000000001310800 Exception <a 'java/security/PrivilegedActionException'> (0x00000000e08d8dc0) thrown at [D:\re\puppet\workspace\8-2-build-windows-amd64-cygwin\jdk8u73\6086\hotspot\src\share\vm\prims\jvm.cpp, line 1386]
Event: 0.163 Thread 0x0000000001310800 Exception <a 'java/io/FileNotFoundException'> (0x00000000e08de690) thrown at [D:\re\puppet\workspace\8-2-build-windows-amd64-cygwin\jdk8u73\6086\hotspot\src\share\vm\prims\jni.cpp, line 709]
Event: 0.216 Thread 0x0000000001310800 Exception <a 'java/lang/NoSuchFieldError': method resolution failed> (0x00000000e09ac1d0) thrown at [D:\re\puppet\workspace\8-2-build-windows-amd64-cygwin\jdk8u73\6086\hotspot\src\share\vm\prims\methodHandles.cpp, line 1146]
Event: 0.218 Thread 0x0000000001310800 Exception <a 'java/lang/NoSuchFieldError': method resolution failed> (0x00000000e09b95a0) thrown at [D:\re\puppet\workspace\8-2-build-windows-amd64-cygwin\jdk8u73\6086\hotspot\src\share\vm\prims\methodHandles.cpp, line 1146]
Event: 0.268 Thread 0x0000000001310800 Exception <a 'java/io/FileNotFoundException'> (0x00000000e0a4ece0) thrown at [D:\re\puppet\workspace\8-2-build-windows-amd64-cygwin\jdk8u73\6086\hotspot\src\share\vm\prims\jni.cpp, line 709]
Event: 2.957 Thread 0x0000000001310800 Exception <a 'java/lang/reflect/InvocationTargetException'> (0x00000000e1125438) thrown at [D:\re\puppet\workspace\8-2-build-windows-amd64-cygwin\jdk8u73\6086\hotspot\src\share\vm\runtime\reflection.cpp, line 1092]

Events (10 events):
Event: 4.528 loading class jogamp/opengl/ThreadingImpl$1
Event: 4.528 loading class jogamp/opengl/ThreadingImpl$1 done
Event: 4.529 loading class com/jogamp/opengl/Threading$Mode
Event: 4.529 loading class com/jogamp/opengl/Threading$Mode done
Event: 4.529 loading class jogamp/opengl/awt/AWTThreadingPlugin
Event: 4.529 loading class jogamp/opengl/awt/AWTThreadingPlugin done
Event: 4.529 loading class jogamp/opengl/ToolkitThreadingPlugin
Event: 4.529 loading class jogamp/opengl/ToolkitThreadingPlugin done
Event: 4.530 loading class jogamp/opengl/awt/AWTThreadingPlugin$1
Event: 4.530 loading class jogamp/opengl/awt/AWTThreadingPlugin$1 done


Dynamic libraries:
0x00007ff681f50000 - 0x00007ff681f87000 	C:\Program Files\Java\jre1.8.0_73\bin\javaw.exe
0x00007ffecc3a0000 - 0x00007ffecc562000 	C:\WINDOWS\SYSTEM32\ntdll.dll
0x00007ffecb7c0000 - 0x00007ffecb86d000 	C:\WINDOWS\system32\KERNEL32.DLL
0x00007ffec9150000 - 0x00007ffec932d000 	C:\WINDOWS\system32\KERNELBASE.dll
0x00007ffecbc00000 - 0x00007ffecbca6000 	C:\WINDOWS\system32\ADVAPI32.dll
0x00007ffecb720000 - 0x00007ffecb7bd000 	C:\WINDOWS\system32\msvcrt.dll
0x00007ffecbcb0000 - 0x00007ffecbd0b000 	C:\WINDOWS\system32\sechost.dll
0x00007ffecbf90000 - 0x00007ffecc0b6000 	C:\WINDOWS\system32\RPCRT4.dll
0x00007ffecbab0000 - 0x00007ffecbbfe000 	C:\WINDOWS\system32\USER32.dll
0x00007ffecbd30000 - 0x00007ffecbeb6000 	C:\WINDOWS\system32\GDI32.dll
0x00007ffebcb20000 - 0x00007ffebcd94000 	C:\WINDOWS\WinSxS\amd64_microsoft.windows.common-controls_6595b64144ccf1df_6.0.10240.16384_none_f41f7b285750ef43\COMCTL32.dll
0x00007ffecba70000 - 0x00007ffecbaa6000 	C:\WINDOWS\system32\IMM32.DLL
0x00007ffecb5c0000 - 0x00007ffecb71c000 	C:\WINDOWS\system32\MSCTF.dll
0x0000000067fd0000 - 0x00000000680a2000 	C:\Program Files\Java\jre1.8.0_73\bin\msvcr100.dll
0x0000000068120000 - 0x00000000689b0000 	C:\Program Files\Java\jre1.8.0_73\bin\server\jvm.dll
0x00007ffecba60000 - 0x00007ffecba68000 	C:\WINDOWS\system32\PSAPI.DLL
0x00007ffec4750000 - 0x00007ffec4759000 	C:\WINDOWS\SYSTEM32\WSOCK32.dll
0x00007ffec6990000 - 0x00007ffec69b3000 	C:\WINDOWS\SYSTEM32\WINMM.dll
0x00007ffec0000000 - 0x00007ffec000a000 	C:\WINDOWS\SYSTEM32\VERSION.dll
0x00007ffecbf20000 - 0x00007ffecbf89000 	C:\WINDOWS\system32\WS2_32.dll
0x00007ffec9a70000 - 0x00007ffec9a78000 	C:\WINDOWS\system32\NSI.dll
0x00007ffec6960000 - 0x00007ffec698c000 	C:\WINDOWS\SYSTEM32\WINMMBASE.dll
0x00007ffec9040000 - 0x00007ffec9084000 	C:\WINDOWS\system32\cfgmgr32.dll
0x00007ffec76a0000 - 0x00007ffec76c7000 	C:\WINDOWS\SYSTEM32\DEVOBJ.dll
0x0000000068e60000 - 0x0000000068e6f000 	C:\Program Files\Java\jre1.8.0_73\bin\verify.dll
0x0000000068e30000 - 0x0000000068e59000 	C:\Program Files\Java\jre1.8.0_73\bin\java.dll
0x0000000068e10000 - 0x0000000068e26000 	C:\Program Files\Java\jre1.8.0_73\bin\zip.dll
0x00007ffec9d60000 - 0x00007ffecb282000 	C:\WINDOWS\system32\SHELL32.dll
0x00007ffec9440000 - 0x00007ffec9a68000 	C:\WINDOWS\system32\windows.storage.dll
0x00007ffecc120000 - 0x00007ffecc39c000 	C:\WINDOWS\system32\combase.dll
0x00007ffecc0c0000 - 0x00007ffecc111000 	C:\WINDOWS\system32\shlwapi.dll
0x00007ffec8e60000 - 0x00007ffec8e6f000 	C:\WINDOWS\system32\kernel.appcore.dll
0x00007ffec9090000 - 0x00007ffec9143000 	C:\WINDOWS\system32\shcore.dll
0x00007ffec8df0000 - 0x00007ffec8e3a000 	C:\WINDOWS\system32\powrprof.dll
0x00007ffec8e40000 - 0x00007ffec8e53000 	C:\WINDOWS\system32\profapi.dll
0x0000000067e30000 - 0x0000000067fc8000 	C:\Program Files\Java\jre1.8.0_73\bin\awt.dll
0x00007ffec9c30000 - 0x00007ffec9cee000 	C:\WINDOWS\system32\OLEAUT32.dll
0x00007ffec7510000 - 0x00007ffec7588000 	C:\WINDOWS\system32\apphelp.dll
0x00007ffec6680000 - 0x00007ffec66a2000 	C:\WINDOWS\system32\DWMAPI.DLL
0x00007ffec77c0000 - 0x00007ffec7856000 	C:\WINDOWS\system32\uxtheme.dll
0x00007ffecb290000 - 0x00007ffecb3d1000 	C:\WINDOWS\system32\ole32.dll
0x00007ffec8bf0000 - 0x00007ffec8c5b000 	C:\WINDOWS\SYSTEM32\bcryptPrimitives.dll
0x00007ffec8640000 - 0x00007ffec8657000 	C:\WINDOWS\SYSTEM32\CRYPTSP.dll
0x00007ffec8d00000 - 0x00007ffec8d28000 	C:\WINDOWS\SYSTEM32\bcrypt.dll
0x00007ffec8290000 - 0x00007ffec82c3000 	C:\WINDOWS\system32\rsaenh.dll
0x00007ffec8380000 - 0x00007ffec839f000 	C:\WINDOWS\SYSTEM32\USERENV.dll
0x00007ffec8790000 - 0x00007ffec879b000 	C:\WINDOWS\SYSTEM32\CRYPTBASE.dll
0x0000000068df0000 - 0x0000000068e0a000 	C:\Program Files\Java\jre1.8.0_73\bin\net.dll
0x00007ffec85e0000 - 0x00007ffec863d000 	C:\WINDOWS\system32\mswsock.dll
0x00007ffec7160000 - 0x00007ffec7198000 	C:\WINDOWS\SYSTEM32\IPHLPAPI.DLL
0x00007ffec7150000 - 0x00007ffec715b000 	C:\WINDOWS\SYSTEM32\WINNSI.DLL
0x00007ffec40a0000 - 0x00007ffec40b6000 	C:\WINDOWS\SYSTEM32\dhcpcsvc6.DLL
0x00007ffec4080000 - 0x00007ffec409a000 	C:\WINDOWS\SYSTEM32\dhcpcsvc.DLL
0x0000000068dd0000 - 0x0000000068de1000 	C:\Program Files\Java\jre1.8.0_73\bin\nio.dll
0x00000000637c0000 - 0x00000000637cd000 	C:\Users\Uelisson\AppData\Local\Temp\jogamp_0000\file_cache\jln990389308903456987\jln1928255011384062513\natives\windows-amd64\gluegen-rt.dll
0x0000000068d90000 - 0x0000000068d97000 	C:\Program Files\Java\jre1.8.0_73\bin\jawt.dll
0x000000006a440000 - 0x000000006a44d000 	C:\Users\Uelisson\AppData\Local\Temp\jogamp_0000\file_cache\jln990389308903456987\jln1928255011384062513\natives\windows-amd64\nativewindow_awt.dll
0x000000006c100000 - 0x000000006c10f000 	C:\Users\Uelisson\AppData\Local\Temp\jogamp_0000\file_cache\jln990389308903456987\jln1928255011384062513\natives\windows-amd64\nativewindow_win32.dll
0x00007ffebb110000 - 0x00007ffebb238000 	C:\WINDOWS\SYSTEM32\OpenGL32.dll
0x00007ffebbfd0000 - 0x00007ffebbffe000 	C:\WINDOWS\SYSTEM32\GLU32.dll
0x00007ffebad30000 - 0x00007ffebae26000 	C:\WINDOWS\SYSTEM32\DDRAW.dll
0x00007ffec4800000 - 0x00007ffec4808000 	C:\WINDOWS\SYSTEM32\DCIMAN32.dll
0x0000000064500000 - 0x00000000645b1000 	C:\Users\Uelisson\AppData\Local\Temp\jogamp_0000\file_cache\jln990389308903456987\jln1928255011384062513\natives\windows-amd64\jogl_desktop.dll
0x0000000064340000 - 0x00000000643a2000 	C:\Users\Uelisson\AppData\Local\Temp\jogamp_0000\file_cache\jln990389308903456987\jln1928255011384062513\natives\windows-amd64\jogl_mobile.dll
0x0000000068d40000 - 0x0000000068d87000 	C:\Program Files\Java\jre1.8.0_73\bin\fontmanager.dll
0x00007ffeb86a0000 - 0x00007ffeb882a000 	C:\WINDOWS\SYSTEM32\dbghelp.dll

VM Arguments:
jvm_args: -Dfile.encoding=Cp1252 
java_command: opengl101.Main
java_class_path (initial): C:\Users\Uelisson\jogl_work\OpenGL\bin;C:\Users\Uelisson\jogl_work\jogamp-all-platforms\jar\gluegen-rt.jar;C:\Users\Uelisson\jogl_work\jogamp-all-platforms\jar\jogl-all.jar
Launcher Type: SUN_STANDARD

Environment Variables:
JAVA_HOME=C:\Program Files\Java\jdk1.8.0_51
PATH=C:/Program Files/Java/jre1.8.0_73/bin/server;C:/Program Files/Java/jre1.8.0_73/bin;C:/Program Files/Java/jre1.8.0_73/lib/amd64;C:\ProgramData\Oracle\Java\javapath;C:\WINDOWS\system32;C:\WINDOWS;C:\WINDOWS\System32\Wbem;C:\WINDOWS\System32\WindowsPowerShell\v1.0\;C:\Program Files (x86)\Skype\Phone\;%JAVA_HOME\bin%;C:\Users\Uelisson\Desktop;
USERNAME=Uelisson
OS=Windows_NT
PROCESSOR_IDENTIFIER=Intel64 Family 6 Model 42 Stepping 7, GenuineIntel



---------------  S Y S T E M  ---------------

OS: Windows 10.0 , 64 bit Build 10240 (10.0.10240.16384)

CPU:total 8 (4 cores per cpu, 2 threads per core) family 6 model 42 stepping 7, cmov, cx8, fxsr, mmx, sse, sse2, sse3, ssse3, sse4.1, sse4.2, popcnt, avx, aes, clmul, ht, tsc, tscinvbit

Memory: 4k page, physical 6203392k(2519280k free), swap 7186432k(2284500k free)

vm_info: Java HotSpot(TM) 64-Bit Server VM (25.73-b02) for windows-amd64 JRE (1.8.0_73-b02), built on Jan 29 2016 17:38:49 by "java_re" with MS VC++ 10.0 (VS2010)

time: Fri Apr 08 00:39:49 2016
elapsed time: 10 seconds (0d 0h 0m 10s)

